e:\source\anrinch\rathena\vcproj-17\login-server\debug\mempool.obj
e:\source\anrinch\rathena\vcproj-17\login-server\debug\nullpo.obj
e:\source\anrinch\rathena\vcproj-17\login-server\debug\strlib.obj
e:\source\anrinch\rathena\vcproj-17\login-server\debug\msg_conf.obj
e:\source\anrinch\rathena\vcproj-17\login-server\debug\ipban.obj
e:\source\anrinch\rathena\vcproj-17\login-server\debug\scanner.obj
e:\source\anrinch\rathena\vcproj-17\login-server\debug\malloc.obj
e:\source\anrinch\rathena\vcproj-17\login-server\debug\sql.obj
e:\source\anrinch\rathena\vcproj-17\login-server\debug\grammar.obj
e:\source\anrinch\rathena\vcproj-17\login-server\debug\conf.obj
e:\source\anrinch\rathena\vcproj-17\login-server\debug\random.obj
e:\source\anrinch\rathena\vcproj-17\login-server\debug\account.obj
e:\source\anrinch\rathena\vcproj-17\login-server\debug\mt19937ar.obj
e:\source\anrinch\rathena\vcproj-17\login-server\debug\thread.obj
e:\source\anrinch\rathena\vcproj-17\login-server\debug\cli.obj
e:\source\anrinch\rathena\vcproj-17\login-server\debug\loginchrif.obj
e:\source\anrinch\rathena\vcproj-17\login-server\debug\strbuf.obj
e:\source\anrinch\rathena\vcproj-17\login-server\debug\raconf.obj
e:\source\anrinch\rathena\vcproj-17\login-server\debug\db.obj
e:\source\anrinch\rathena\vcproj-17\login-server\debug\timer.obj
e:\source\anrinch\rathena\vcproj-17\login-server\debug\loginclif.obj
e:\source\anrinch\rathena\vcproj-17\login-server\debug\mutex.obj
e:\source\anrinch\rathena\vcproj-17\login-server\debug\ers.obj
e:\source\anrinch\rathena\vcproj-17\login-server\debug\showmsg.obj
e:\source\anrinch\rathena\vcproj-17\login-server\debug\login.obj
e:\source\anrinch\rathena\vcproj-17\login-server\debug\libconfig.obj
e:\source\anrinch\rathena\vcproj-17\login-server\debug\md5calc.obj
e:\source\anrinch\rathena\vcproj-17\login-server\debug\socket.obj
e:\source\anrinch\rathena\vcproj-17\login-server\debug\logincnslif.obj
e:\source\anrinch\rathena\vcproj-17\login-server\debug\scanctx.obj
e:\source\anrinch\rathena\vcproj-17\login-server\debug\core.obj
e:\source\anrinch\rathena\vcproj-17\login-server\debug\utils.obj
e:\source\anrinch\rathena\vcproj-17\login-server\debug\loginlog.obj
e:\source\anrinch\rathena\vcproj-17\login-server\debug\vc141.pdb
e:\source\anrinch\rathena\login-server.ilk
e:\source\anrinch\rathena\login-server.exe
e:\source\anrinch\rathena\login-server.pdb
e:\source\anrinch\rathena\vcproj-17\login-server\debug\vc141.idb
e:\source\anrinch\rathena\vcproj-17\..\login-server.exe
e:\source\anrinch\rathena\vcproj-17\login-server\debug\login-server.tlog\cl.command.1.tlog
e:\source\anrinch\rathena\vcproj-17\login-server\debug\login-server.tlog\cl.read.1.tlog
e:\source\anrinch\rathena\vcproj-17\login-server\debug\login-server.tlog\cl.write.1.tlog
e:\source\anrinch\rathena\vcproj-17\login-server\debug\login-server.tlog\link.command.1.tlog
e:\source\anrinch\rathena\vcproj-17\login-server\debug\login-server.tlog\link.read.1.tlog
e:\source\anrinch\rathena\vcproj-17\login-server\debug\login-server.tlog\link.write.1.tlog
