e:\source\anrinch\rathena\vcproj-17\mapcache\debug\malloc.obj
e:\source\anrinch\rathena\vcproj-17\mapcache\debug\showmsg.obj
e:\source\anrinch\rathena\vcproj-17\mapcache\debug\mapcache.obj
e:\source\anrinch\rathena\vcproj-17\mapcache\debug\core.obj
e:\source\anrinch\rathena\vcproj-17\mapcache\debug\des.obj
e:\source\anrinch\rathena\vcproj-17\mapcache\debug\grfio.obj
e:\source\anrinch\rathena\vcproj-17\mapcache\debug\utils.obj
e:\source\anrinch\rathena\vcproj-17\mapcache\debug\strlib.obj
e:\source\anrinch\rathena\vcproj-17\mapcache\debug\vc141.pdb
e:\source\anrinch\rathena\mapcache.ilk
e:\source\anrinch\rathena\mapcache.exe
e:\source\anrinch\rathena\mapcache.pdb
e:\source\anrinch\rathena\vcproj-17\mapcache\debug\vc141.idb
e:\source\anrinch\rathena\vcproj-17\..\mapcache.exe
e:\source\anrinch\rathena\vcproj-17\mapcache\debug\mapcache.tlog\cl.command.1.tlog
e:\source\anrinch\rathena\vcproj-17\mapcache\debug\mapcache.tlog\cl.read.1.tlog
e:\source\anrinch\rathena\vcproj-17\mapcache\debug\mapcache.tlog\cl.write.1.tlog
e:\source\anrinch\rathena\vcproj-17\mapcache\debug\mapcache.tlog\link.command.1.tlog
e:\source\anrinch\rathena\vcproj-17\mapcache\debug\mapcache.tlog\link.read.1.tlog
e:\source\anrinch\rathena\vcproj-17\mapcache\debug\mapcache.tlog\link.write.1.tlog
