  core.c
  db.c
  mapindex.c
  socket.c
  atcommand.c
  battle.c
  battleground.c
  buyingstore.c
  cashshop.c
  channel.c
  chat.c
  chrif.c
  clan.c
  clif.c
  duel.c
  elemental.c
  guild.c
  homunculus.c
  instance.c
  intif.c
  itemdb.c
  log.c
  mail.c
  map.c
  mapreg.c
  mercenary.c
  mob.c
  npc.c
  npc_chat.c
  party.c
  path.c
  pc.c
  pc_groups.c
  pet.c
  quest.c
  script.c
  searchstore.c
  skill.c
  status.c
  storage.c
  trade.c
  unit.c
  vending.c
  map-server.vcxproj -> E:\Source\Anrinch\rathena\vcproj-17\..\map-server.exe
  map-server.vcxproj -> ..\map-server.pdb (Full PDB)
