e:\source\anrinch\rathena\vcproj-17\map-server\debug\scanner.obj
e:\source\anrinch\rathena\vcproj-17\map-server\debug\grfio.obj
e:\source\anrinch\rathena\vcproj-17\map-server\debug\nullpo.obj
e:\source\anrinch\rathena\vcproj-17\map-server\debug\strlib.obj
e:\source\anrinch\rathena\vcproj-17\map-server\debug\utils.obj
e:\source\anrinch\rathena\vcproj-17\map-server\debug\chrif.obj
e:\source\anrinch\rathena\vcproj-17\map-server\debug\instance.obj
e:\source\anrinch\rathena\vcproj-17\map-server\debug\pc_groups.obj
e:\source\anrinch\rathena\vcproj-17\map-server\debug\vending.obj
e:\source\anrinch\rathena\vcproj-17\map-server\debug\mt19937ar.obj
e:\source\anrinch\rathena\vcproj-17\map-server\debug\des.obj
e:\source\anrinch\rathena\vcproj-17\map-server\debug\malloc.obj
e:\source\anrinch\rathena\vcproj-17\map-server\debug\showmsg.obj
e:\source\anrinch\rathena\vcproj-17\map-server\debug\atcommand.obj
e:\source\anrinch\rathena\vcproj-17\map-server\debug\mail.obj
e:\source\anrinch\rathena\vcproj-17\map-server\debug\homunculus.obj
e:\source\anrinch\rathena\vcproj-17\map-server\debug\npc_chat.obj
e:\source\anrinch\rathena\vcproj-17\map-server\debug\quest.obj
e:\source\anrinch\rathena\vcproj-17\map-server\debug\trade.obj
e:\source\anrinch\rathena\vcproj-17\map-server\debug\core.obj
e:\source\anrinch\rathena\vcproj-17\map-server\debug\socket.obj
e:\source\anrinch\rathena\vcproj-17\map-server\debug\buyingstore.obj
e:\source\anrinch\rathena\vcproj-17\map-server\debug\intif.obj
e:\source\anrinch\rathena\vcproj-17\map-server\debug\party.obj
e:\source\anrinch\rathena\vcproj-17\map-server\debug\storage.obj
e:\source\anrinch\rathena\vcproj-17\map-server\debug\libconfig.obj
e:\source\anrinch\rathena\vcproj-17\map-server\debug\mutex.obj
e:\source\anrinch\rathena\vcproj-17\map-server\debug\cli.obj
e:\source\anrinch\rathena\vcproj-17\map-server\debug\battle.obj
e:\source\anrinch\rathena\vcproj-17\map-server\debug\itemdb.obj
e:\source\anrinch\rathena\vcproj-17\map-server\debug\mercenary.obj
e:\source\anrinch\rathena\vcproj-17\map-server\debug\pc.obj
e:\source\anrinch\rathena\vcproj-17\map-server\debug\grammar.obj
e:\source\anrinch\rathena\vcproj-17\map-server\debug\mapindex.obj
e:\source\anrinch\rathena\vcproj-17\map-server\debug\sql.obj
e:\source\anrinch\rathena\vcproj-17\map-server\debug\cashshop.obj
e:\source\anrinch\rathena\vcproj-17\map-server\debug\clif.obj
e:\source\anrinch\rathena\vcproj-17\map-server\debug\npc.obj
e:\source\anrinch\rathena\vcproj-17\map-server\debug\searchstore.obj
e:\source\anrinch\rathena\vcproj-17\map-server\debug\status.obj
e:\source\anrinch\rathena\vcproj-17\map-server\debug\conf.obj
e:\source\anrinch\rathena\vcproj-17\map-server\debug\ers.obj
e:\source\anrinch\rathena\vcproj-17\map-server\debug\mempool.obj
e:\source\anrinch\rathena\vcproj-17\map-server\debug\timer.obj
e:\source\anrinch\rathena\vcproj-17\map-server\debug\channel.obj
e:\source\anrinch\rathena\vcproj-17\map-server\debug\date.obj
e:\source\anrinch\rathena\vcproj-17\map-server\debug\duel.obj
e:\source\anrinch\rathena\vcproj-17\map-server\debug\log.obj
e:\source\anrinch\rathena\vcproj-17\map-server\debug\mapreg.obj
e:\source\anrinch\rathena\vcproj-17\map-server\debug\mob.obj
e:\source\anrinch\rathena\vcproj-17\map-server\debug\skill.obj
e:\source\anrinch\rathena\vcproj-17\map-server\debug\scanctx.obj
e:\source\anrinch\rathena\vcproj-17\map-server\debug\raconf.obj
e:\source\anrinch\rathena\vcproj-17\map-server\debug\thread.obj
e:\source\anrinch\rathena\vcproj-17\map-server\debug\chat.obj
e:\source\anrinch\rathena\vcproj-17\map-server\debug\guild.obj
e:\source\anrinch\rathena\vcproj-17\map-server\debug\path.obj
e:\source\anrinch\rathena\vcproj-17\map-server\debug\script.obj
e:\source\anrinch\rathena\vcproj-17\map-server\debug\strbuf.obj
e:\source\anrinch\rathena\vcproj-17\map-server\debug\db.obj
e:\source\anrinch\rathena\vcproj-17\map-server\debug\md5calc.obj
e:\source\anrinch\rathena\vcproj-17\map-server\debug\random.obj
e:\source\anrinch\rathena\vcproj-17\map-server\debug\msg_conf.obj
e:\source\anrinch\rathena\vcproj-17\map-server\debug\battleground.obj
e:\source\anrinch\rathena\vcproj-17\map-server\debug\clan.obj
e:\source\anrinch\rathena\vcproj-17\map-server\debug\elemental.obj
e:\source\anrinch\rathena\vcproj-17\map-server\debug\map.obj
e:\source\anrinch\rathena\vcproj-17\map-server\debug\pet.obj
e:\source\anrinch\rathena\vcproj-17\map-server\debug\unit.obj
e:\source\anrinch\rathena\vcproj-17\map-server\debug\vc141.pdb
e:\source\anrinch\rathena\map-server.ilk
e:\source\anrinch\rathena\map-server.exe
e:\source\anrinch\rathena\map-server.pdb
e:\source\anrinch\rathena\vcproj-17\map-server\debug\vc141.idb
e:\source\anrinch\rathena\vcproj-17\..\map-server.exe
e:\source\anrinch\rathena\vcproj-17\map-server\debug\map-server.tlog\cl.command.1.tlog
e:\source\anrinch\rathena\vcproj-17\map-server\debug\map-server.tlog\cl.read.1.tlog
e:\source\anrinch\rathena\vcproj-17\map-server\debug\map-server.tlog\cl.write.1.tlog
e:\source\anrinch\rathena\vcproj-17\map-server\debug\map-server.tlog\link.command.1.tlog
e:\source\anrinch\rathena\vcproj-17\map-server\debug\map-server.tlog\link.read.1.tlog
e:\source\anrinch\rathena\vcproj-17\map-server\debug\map-server.tlog\link.write.1.tlog
