e:\source\anrinch\rathena\vcproj-17\char-server\debug\libconfig.obj
e:\source\anrinch\rathena\vcproj-17\char-server\debug\mutex.obj
e:\source\anrinch\rathena\vcproj-17\char-server\debug\utils.obj
e:\source\anrinch\rathena\vcproj-17\char-server\debug\int_elemental.obj
e:\source\anrinch\rathena\vcproj-17\char-server\debug\inter.obj
e:\source\anrinch\rathena\vcproj-17\char-server\debug\grammar.obj
e:\source\anrinch\rathena\vcproj-17\char-server\debug\nullpo.obj
e:\source\anrinch\rathena\vcproj-17\char-server\debug\sql.obj
e:\source\anrinch\rathena\vcproj-17\char-server\debug\int_auction.obj
e:\source\anrinch\rathena\vcproj-17\char-server\debug\int_party.obj
e:\source\anrinch\rathena\vcproj-17\char-server\debug\core.obj
e:\source\anrinch\rathena\vcproj-17\char-server\debug\thread.obj
e:\source\anrinch\rathena\vcproj-17\char-server\debug\int_clan.obj
e:\source\anrinch\rathena\vcproj-17\char-server\debug\int_quest.obj
e:\source\anrinch\rathena\vcproj-17\char-server\debug\mt19937ar.obj
e:\source\anrinch\rathena\vcproj-17\char-server\debug\ers.obj
e:\source\anrinch\rathena\vcproj-17\char-server\debug\mempool.obj
e:\source\anrinch\rathena\vcproj-17\char-server\debug\timer.obj
e:\source\anrinch\rathena\vcproj-17\char-server\debug\char_mapif.obj
e:\source\anrinch\rathena\vcproj-17\char-server\debug\int_mail.obj
e:\source\anrinch\rathena\vcproj-17\char-server\debug\int_storage.obj
e:\source\anrinch\rathena\vcproj-17\char-server\debug\strbuf.obj
e:\source\anrinch\rathena\vcproj-17\char-server\debug\db.obj
e:\source\anrinch\rathena\vcproj-17\char-server\debug\mapindex.obj
e:\source\anrinch\rathena\vcproj-17\char-server\debug\socket.obj
e:\source\anrinch\rathena\vcproj-17\char-server\debug\char_cnslif.obj
e:\source\anrinch\rathena\vcproj-17\char-server\debug\int_homun.obj
e:\source\anrinch\rathena\vcproj-17\char-server\debug\scanner.obj
e:\source\anrinch\rathena\vcproj-17\char-server\debug\raconf.obj
e:\source\anrinch\rathena\vcproj-17\char-server\debug\strlib.obj
e:\source\anrinch\rathena\vcproj-17\char-server\debug\cli.obj
e:\source\anrinch\rathena\vcproj-17\char-server\debug\char.obj
e:\source\anrinch\rathena\vcproj-17\char-server\debug\int_mercenary.obj
e:\source\anrinch\rathena\vcproj-17\char-server\debug\conf.obj
e:\source\anrinch\rathena\vcproj-17\char-server\debug\malloc.obj
e:\source\anrinch\rathena\vcproj-17\char-server\debug\random.obj
e:\source\anrinch\rathena\vcproj-17\char-server\debug\msg_conf.obj
e:\source\anrinch\rathena\vcproj-17\char-server\debug\char_clif.obj
e:\source\anrinch\rathena\vcproj-17\char-server\debug\int_guild.obj
e:\source\anrinch\rathena\vcproj-17\char-server\debug\scanctx.obj
e:\source\anrinch\rathena\vcproj-17\char-server\debug\showmsg.obj
e:\source\anrinch\rathena\vcproj-17\char-server\debug\char_logif.obj
e:\source\anrinch\rathena\vcproj-17\char-server\debug\int_pet.obj
e:\source\anrinch\rathena\vcproj-17\char-server\debug\vc141.pdb
e:\source\anrinch\rathena\char-server.ilk
e:\source\anrinch\rathena\char-server.exe
e:\source\anrinch\rathena\char-server.pdb
e:\source\anrinch\rathena\vcproj-17\char-server\debug\vc141.idb
e:\source\anrinch\rathena\vcproj-17\..\char-server.exe
e:\source\anrinch\rathena\vcproj-17\char-server\debug\char-server.tlog\cl.command.1.tlog
e:\source\anrinch\rathena\vcproj-17\char-server\debug\char-server.tlog\cl.read.1.tlog
e:\source\anrinch\rathena\vcproj-17\char-server\debug\char-server.tlog\cl.write.1.tlog
e:\source\anrinch\rathena\vcproj-17\char-server\debug\char-server.tlog\link.command.1.tlog
e:\source\anrinch\rathena\vcproj-17\char-server\debug\char-server.tlog\link.read.1.tlog
e:\source\anrinch\rathena\vcproj-17\char-server\debug\char-server.tlog\link.write.1.tlog
